2026-02-10T17:14:31.060Z [INFO]: started
2026-02-10T17:14:31.077Z [INFO]:  Server running on port 5000
2026-02-10T17:14:31.550Z [ERROR]: ❌ MongoDB Connection Failed: querySrv ENOTFOUND _mongodb._tcp.cluster0.dpuby.mongodb.net
2026-02-10T17:19:57.828Z [INFO]: started
2026-02-10T17:19:57.852Z [INFO]:  Server running on port 5000
2026-02-10T17:19:57.884Z [ERROR]: ❌ MongoDB Connection Failed: querySrv ENOTFOUND _mongodb._tcp.cluster0.dpuby.mongodb.net
2026-02-10T17:20:02.875Z [INFO]: started
2026-02-10T17:20:02.887Z [INFO]:  Server running on port 5000
2026-02-10T17:20:02.919Z [ERROR]: ❌ MongoDB Connection Failed: querySrv ENOTFOUND _mongodb._tcp.cluster0.dpuby.mongodb.net
2026-02-10T17:21:03.277Z [INFO]: started
2026-02-10T17:21:03.291Z [INFO]:  Server running on port 5000
2026-02-10T17:21:03.330Z [ERROR]: ❌ MongoDB Connection Failed: querySrv ENOTFOUND _mongodb._tcp.cluster0.dpuby.mongodb.net
2026-02-10T17:21:47.129Z [INFO]: started
2026-02-10T17:21:47.142Z [INFO]:  Server running on port 5000
2026-02-10T17:21:47.174Z [ERROR]: ❌ MongoDB Connection Failed: querySrv ENOTFOUND _mongodb._tcp.cluster0.dpuby.mongodb.net
2026-02-10T17:22:05.615Z [INFO]: started
2026-02-10T17:22:05.663Z [INFO]:  Server running on port 5000
2026-02-10T17:22:05.682Z [ERROR]: ❌ MongoDB Connection Failed: querySrv ENOTFOUND _mongodb._tcp.cluster0.dpuby.mongodb.net
2026-02-10T18:07:09.454Z [INFO]: started
2026-02-10T18:07:09.478Z [INFO]:  Server running on port 5000
2026-02-10T18:07:10.270Z [ERROR]: ❌ MongoDB Connection Failed: bad auth : Authentication failed.
2026-02-10T18:10:26.313Z [INFO]: started
2026-02-10T18:10:26.332Z [INFO]:  Server running on port 5000
2026-02-10T18:10:27.194Z [ERROR]: ❌ MongoDB Connection Failed: bad auth : Authentication failed.
2026-02-10T18:11:03.153Z [INFO]: started
2026-02-10T18:11:03.188Z [INFO]:  Server running on port 5000
2026-02-10T18:11:03.787Z [ERROR]: ❌ MongoDB Connection Failed: bad auth : Authentication failed.
2026-02-10T18:11:59.882Z [INFO]: started
2026-02-10T18:11:59.902Z [INFO]:  Server running on port 5000
2026-02-10T18:12:00.510Z [ERROR]: ❌ MongoDB Connection Failed: bad auth : Authentication failed.
2026-02-10T18:12:23.073Z [INFO]: started
2026-02-10T18:12:23.087Z [INFO]:  Server running on port 3000
2026-02-10T18:12:23.657Z [ERROR]: ❌ MongoDB Connection Failed: bad auth : Authentication failed.
2026-02-10T18:12:37.845Z [INFO]: started
2026-02-10T18:12:37.859Z [INFO]:  Server running on port 3000
2026-02-10T18:12:38.428Z [ERROR]: ❌ MongoDB Connection Failed: bad auth : Authentication failed.
2026-02-10T18:12:48.575Z [INFO]: started
2026-02-10T18:12:48.589Z [INFO]:  Server running on port 3000
2026-02-10T18:12:49.246Z [ERROR]: ❌ MongoDB Connection Failed: bad auth : Authentication failed.
2026-02-10T18:12:59.768Z [INFO]: started
2026-02-10T18:12:59.786Z [INFO]:  Server running on port 3000
2026-02-10T18:13:00.381Z [ERROR]: ❌ MongoDB Connection Failed: bad auth : Authentication failed.
2026-02-10T18:13:13.202Z [INFO]: started
2026-02-10T18:13:13.216Z [INFO]:  Server running on port 3000
2026-02-10T18:13:13.852Z [ERROR]: ❌ MongoDB Connection Failed: bad auth : Authentication failed.
2026-02-10T18:13:28.497Z [INFO]: started
2026-02-10T18:13:28.510Z [INFO]:  Server running on port 3000
2026-02-10T18:13:29.100Z [ERROR]: ❌ MongoDB Connection Failed: bad auth : Authentication failed.
2026-02-10T18:15:32.455Z [INFO]: started
2026-02-10T18:15:32.467Z [INFO]:  Server running on port 3000
2026-02-10T18:15:33.116Z [ERROR]: ❌ MongoDB Connection Failed: bad auth : Authentication failed.
2026-02-10T18:17:16.139Z [INFO]: started
2026-02-10T18:17:16.152Z [INFO]:  Server running on port 3000
2026-02-10T18:17:16.836Z [INFO]: 📦 MongoDB Connected Successfully to Atlas Cluster
